Сборка начата 28.05.2015 9:49:52.
     1>Проект "C:\Users\Николай\documents\visual studio 2013\Projects\winapi_visualfs\winapi_visualfs\winapi_visualfs.vcxproj" в узле 2 (целевые объекты Build).
     1>ClCompile:
         C:\Program Files (x86)\Microsoft Visual Studio 12.0\VC\bin\CL.exe /c /Zi /nologo /W3 /WX- /sdl /O2 /Oi /Oy- /GL /D _MBCS /Gm- /EHsc /MD /GS /Gy /fp:precise /Zc:wchar_t /Zc:forScope /Fo"Release\\" /Fd"Release\vc120.pdb" /Gd /TP /analyze- /errorReport:prompt FolderWindow.cpp VisualFS.cpp main.cpp
         FolderWindow.cpp
     1>c:\users\николай\documents\visual studio 2013\projects\winapi_visualfs\winapi_visualfs\FileSystemTree.h(136): warning C4244: аргумент: преобразование "_ULonglong" в "unsigned int", возможна потеря данных
     1>c:\users\николай\documents\visual studio 2013\projects\winapi_visualfs\winapi_visualfs\VisualFS.h(27): warning C4150: удаление указателя на неполный тип "FolderWindow"; деструктор не вызван
                 c:\users\николай\documents\visual studio 2013\projects\winapi_visualfs\winapi_visualfs\VisualFS.h(9): см. объявление "FolderWindow"
     1>c:\users\николай\documents\visual studio 2013\projects\winapi_visualfs\winapi_visualfs\FolderWindow.h(55): warning C4244: return: преобразование "double" в "size_t", возможна потеря данных
     1>FolderWindow.cpp(182): warning C4060: оператор switch не содержит метку "case" или "default"
     1>FolderWindow.cpp(169): warning C4101: hdcStatic: неиспользованная локальная переменная
         VisualFS.cpp
     1>c:\users\николай\documents\visual studio 2013\projects\winapi_visualfs\winapi_visualfs\FileSystemTree.h(136): warning C4244: аргумент: преобразование "_ULonglong" в "unsigned int", возможна потеря данных
     1>c:\users\николай\documents\visual studio 2013\projects\winapi_visualfs\winapi_visualfs\FolderWindow.h(55): warning C4244: return: преобразование "double" в "size_t", возможна потеря данных
         main.cpp
     1>c:\users\николай\documents\visual studio 2013\projects\winapi_visualfs\winapi_visualfs\FileSystemTree.h(136): warning C4244: аргумент: преобразование "_ULonglong" в "unsigned int", возможна потеря данных
     1>c:\users\николай\documents\visual studio 2013\projects\winapi_visualfs\winapi_visualfs\FolderWindow.h(55): warning C4244: return: преобразование "double" в "size_t", возможна потеря данных
       Link:
         C:\Program Files (x86)\Microsoft Visual Studio 12.0\VC\bin\link.exe /ERRORREPORT:PROMPT /OUT:"C:\Users\Николай\documents\visual studio 2013\Projects\winapi_visualfs\Release\winapi_visualfs.exe" /NOLOGO kernel32.lib user32.lib gdi32.lib winspool.lib comdlg32.lib advapi32.lib shell32.lib ole32.lib oleaut32.lib uuid.lib odbc32.lib odbccp32.lib /MANIFEST /MANIFESTUAC:"level='asInvoker' uiAccess='false'" /manifest:embed /DEBUG /PDB:"C:\Users\Николай\documents\visual studio 2013\Projects\winapi_visualfs\Release\winapi_visualfs.pdb" /OPT:REF /OPT:ICF /LTCG /TLBID:1 /DYNAMICBASE /NXCOMPAT /IMPLIB:"C:\Users\Николай\documents\visual studio 2013\Projects\winapi_visualfs\Release\winapi_visualfs.lib" /MACHINE:X86 /SAFESEH Release\FileSystemTree.obj
         Release\FolderWindow.obj
         Release\main.obj
         Release\VisualFS.obj
         Создание кода
     1>c:\users\николай\documents\visual studio 2013\projects\winapi_visualfs\winapi_visualfs\folderwindow.cpp(165): warning C4715: FolderWindow::RegisterClassA: значение возвращается не при всех путях выполнения
     1>c:\users\николай\documents\visual studio 2013\projects\winapi_visualfs\winapi_visualfs\visualfs.cpp(53): warning C4715: VisualFS::RegisterClassA: значение возвращается не при всех путях выполнения
         Создание кода завершено
         winapi_visualfs.vcxproj -> C:\Users\Николай\documents\visual studio 2013\Projects\winapi_visualfs\Release\winapi_visualfs.exe
     1>Сборка проекта "C:\Users\Николай\documents\visual studio 2013\Projects\winapi_visualfs\winapi_visualfs\winapi_visualfs.vcxproj" завершена (целевые объекты Build).

Сборка успешно завершена.

Затраченное время: 00:00:08.84
